<?xml version="1.0" encoding="UTF-8"?>
<!-- Generated by org.testng.reporters.JUnitReportReporter -->
<testsuite hostname="Lenovo" failures="0" tests="1" name="testcases.LoginTestCase" time="65.328" errors="0" timestamp="2024-06-17T13:50:09 IST" skipped="0">
  <testcase classname="testcases.LoginTestCase" name="hitUrl" time="65.328"/>
  <system-out/>
</testsuite> <!-- testcases.LoginTestCase -->
